                         Chronologic VCS (TM)
        Version U-2023.03-1_Full64 -- Tue Mar 31 23:05:13 2026

                    Copyright (c) 1991 - 2023 Synopsys, Inc.
   This software and the associated documentation are proprietary to Synopsys,
 Inc. This software may only be used in accordance with the terms and conditions
 of a written license agreement with Synopsys, Inc. All other use, reproduction,
   or distribution of this software is strictly prohibited.  Licensed Products
     communicate with Synopsys servers for the purpose of providing software
    updates, detecting software piracy and verifying that customers are using
    Licensed Products in conformity with the applicable License Key for such
  Licensed Products. Synopsys will use information gathered in connection with
    this process to deliver software updates and pursue software pirates and
                                   infringers.

 Inclusivity & Diversity - Visit SolvNetPlus to read the "Synopsys Statement on
            Inclusivity and Diversity" (Refer to article 000036315 at
                        https://solvnetplus.synopsys.com)


Warning-[UNK_COMP_ARG] Unknown compile time plus argument used
  Unknown compile time plus argument 'UVM_TESTNAME=counter_test' is ignored.

 + use `+plusarg_save' to bind in runtime plusargs;
 + use `+plusarg_ignore' to suppress this message.

Warning-[UNK_COMP_ARG] Unknown compile time plus argument used
  Unknown compile time plus argument 'UVM_VERBOSITY=UVM_MEDIUM' is ignored.

Parsing design file '/eda/synopsys/vcs/U-2023.03-1/etc/uvm-ieee/src/uvm_pkg.sv'
Parsing included file '/eda/synopsys/vcs/U-2023.03-1/etc/uvm-ieee/src/uvm_macros.svh'.
Parsing included file '/eda/synopsys/vcs/U-2023.03-1/etc/uvm-ieee/src/macros/uvm_version_defines.svh'.
Back to file '/eda/synopsys/vcs/U-2023.03-1/etc/uvm-ieee/src/uvm_macros.svh'.
Parsing included file '/eda/synopsys/vcs/U-2023.03-1/etc/uvm-ieee/src/macros/uvm_global_defines.svh'.
Back to file '/eda/synopsys/vcs/U-2023.03-1/etc/uvm-ieee/src/uvm_macros.svh'.
Parsing included file '/eda/synopsys/vcs/U-2023.03-1/etc/uvm-ieee/src/macros/snps_macros.svp'.
Back to file '/eda/synopsys/vcs/U-2023.03-1/etc/uvm-ieee/src/uvm_macros.svh'.
Parsing included file '/eda/synopsys/vcs/U-2023.03-1/etc/uvm-ieee/src/macros/uvm_message_defines.svh'.
Back to file '/eda/synopsys/vcs/U-2023.03-1/etc/uvm-ieee/src/uvm_macros.svh'.
Parsing included file '/eda/synopsys/vcs/U-2023.03-1/etc/uvm-ieee/src/macros/uvm_phase_defines.svh'.
Back to file '/eda/synopsys/vcs/U-2023.03-1/etc/uvm-ieee/src/uvm_macros.svh'.
Parsing included file '/eda/synopsys/vcs/U-2023.03-1/etc/uvm-ieee/src/macros/uvm_printer_defines.svh'.
Back to file '/eda/synopsys/vcs/U-2023.03-1/etc/uvm-ieee/src/uvm_macros.svh'.
Parsing included file '/eda/synopsys/vcs/U-2023.03-1/etc/uvm-ieee/src/macros/uvm_comparer_defines.svh'.
Back to file '/eda/synopsys/vcs/U-2023.03-1/etc/uvm-ieee/src/uvm_macros.svh'.
Parsing included file '/eda/synopsys/vcs/U-2023.03-1/etc/uvm-ieee/src/macros/uvm_recorder_defines.svh'.
Back to file '/eda/synopsys/vcs/U-2023.03-1/etc/uvm-ieee/src/uvm_macros.svh'.
Parsing included file '/eda/synopsys/vcs/U-2023.03-1/etc/uvm-ieee/src/macros/uvm_resource_defines.svh'.
Back to file '/eda/synopsys/vcs/U-2023.03-1/etc/uvm-ieee/src/uvm_macros.svh'.
Parsing included file '/eda/synopsys/vcs/U-2023.03-1/etc/uvm-ieee/src/macros/uvm_packer_defines.svh'.
Back to file '/eda/synopsys/vcs/U-2023.03-1/etc/uvm-ieee/src/uvm_macros.svh'.
Parsing included file '/eda/synopsys/vcs/U-2023.03-1/etc/uvm-ieee/src/macros/uvm_copier_defines.svh'.
Back to file '/eda/synopsys/vcs/U-2023.03-1/etc/uvm-ieee/src/uvm_macros.svh'.
Parsing included file '/eda/synopsys/vcs/U-2023.03-1/etc/uvm-ieee/src/macros/uvm_object_defines.svh'.
Back to file '/eda/synopsys/vcs/U-2023.03-1/etc/uvm-ieee/src/uvm_macros.svh'.
Parsing included file '/eda/synopsys/vcs/U-2023.03-1/etc/uvm-ieee/src/macros/uvm_tlm_defines.svh'.
Parsing included file '/eda/synopsys/vcs/U-2023.03-1/etc/uvm-ieee/src/tlm1/uvm_tlm_imps.svh'.
Back to file '/eda/synopsys/vcs/U-2023.03-1/etc/uvm-ieee/src/macros/uvm_tlm_defines.svh'.
Back to file '/eda/synopsys/vcs/U-2023.03-1/etc/uvm-ieee/src/uvm_macros.svh'.
Parsing included file '/eda/synopsys/vcs/U-2023.03-1/etc/uvm-ieee/src/macros/uvm_sequence_defines.svh'.
Back to file '/eda/synopsys/vcs/U-2023.03-1/etc/uvm-ieee/src/uvm_macros.svh'.
Parsing included file '/eda/synopsys/vcs/U-2023.03-1/etc/uvm-ieee/src/macros/uvm_callback_defines.svh'.
Back to file '/eda/synopsys/vcs/U-2023.03-1/etc/uvm-ieee/src/uvm_macros.svh'.
Parsing included file '/eda/synopsys/vcs/U-2023.03-1/etc/uvm-ieee/src/macros/uvm_reg_defines.svh'.
Back to file '/eda/synopsys/vcs/U-2023.03-1/etc/uvm-ieee/src/uvm_macros.svh'.
Back to file '/eda/synopsys/vcs/U-2023.03-1/etc/uvm-ieee/src/uvm_pkg.sv'.
Parsing included file '/eda/synopsys/vcs/U-2023.03-1/etc/uvm-ieee/src/dpi/uvm_dpi.svh'.
Parsing included file '/eda/synopsys/vcs/U-2023.03-1/etc/uvm-ieee/src/dpi/uvm_hdl.svh'.
Back to file '/eda/synopsys/vcs/U-2023.03-1/etc/uvm-ieee/src/dpi/uvm_dpi.svh'.
Parsing included file '/eda/synopsys/vcs/U-2023.03-1/etc/uvm-ieee/src/dpi/uvm_svcmd_dpi.svh'.
Back to file '/eda/synopsys/vcs/U-2023.03-1/etc/uvm-ieee/src/dpi/uvm_dpi.svh'.
Parsing included file '/eda/synopsys/vcs/U-2023.03-1/etc/uvm-ieee/src/dpi/uvm_regex.svh'.
Back to file '/eda/synopsys/vcs/U-2023.03-1/etc/uvm-ieee/src/dpi/uvm_dpi.svh'.
Back to file '/eda/synopsys/vcs/U-2023.03-1/etc/uvm-ieee/src/uvm_pkg.sv'.
Parsing included file '/eda/synopsys/vcs/U-2023.03-1/etc/uvm-ieee/src/base/uvm_base.svh'.
Parsing included file '/eda/synopsys/vcs/U-2023.03-1/etc/uvm-ieee/src/base/uvm_version.svh'.
Back to file '/eda/synopsys/vcs/U-2023.03-1/etc/uvm-ieee/src/base/uvm_base.svh'.
Parsing included file '/eda/synopsys/vcs/U-2023.03-1/etc/uvm-ieee/src/base/uvm_object_globals.svh'.
Back to file '/eda/synopsys/vcs/U-2023.03-1/etc/uvm-ieee/src/base/uvm_base.svh'.
Parsing included file '/eda/synopsys/vcs/U-2023.03-1/etc/uvm-ieee/src/base/uvm_misc.svh'.
Back to file '/eda/synopsys/vcs/U-2023.03-1/etc/uvm-ieee/src/base/uvm_base.svh'.
Parsing included file '/eda/synopsys/vcs/U-2023.03-1/etc/uvm-ieee/src/base/uvm_coreservice.svh'.
Back to file '/eda/synopsys/vcs/U-2023.03-1/etc/uvm-ieee/src/base/uvm_base.svh'.
Parsing included file '/eda/synopsys/vcs/U-2023.03-1/etc/uvm-ieee/src/base/uvm_globals.svh'.
Back to file '/eda/synopsys/vcs/U-2023.03-1/etc/uvm-ieee/src/base/uvm_base.svh'.
Parsing included file '/eda/synopsys/vcs/U-2023.03-1/etc/uvm-ieee/src/base/uvm_object.svh'.
Back to file '/eda/synopsys/vcs/U-2023.03-1/etc/uvm-ieee/src/base/uvm_base.svh'.
Parsing included file '/eda/synopsys/vcs/U-2023.03-1/etc/uvm-ieee/src/base/uvm_factory.svh'.
Back to file '/eda/synopsys/vcs/U-2023.03-1/etc/uvm-ieee/src/base/uvm_base.svh'.
Parsing included file '/eda/synopsys/vcs/U-2023.03-1/etc/uvm-ieee/src/base/uvm_registry.svh'.
Back to file '/eda/synopsys/vcs/U-2023.03-1/etc/uvm-ieee/src/base/uvm_base.svh'.
Parsing included file '/eda/synopsys/vcs/U-2023.03-1/etc/uvm-ieee/src/base/uvm_pool.svh'.
Back to file '/eda/synopsys/vcs/U-2023.03-1/etc/uvm-ieee/src/base/uvm_base.svh'.
Parsing included file '/eda/synopsys/vcs/U-2023.03-1/etc/uvm-ieee/src/base/uvm_queue.svh'.
Back to file '/eda/synopsys/vcs/U-2023.03-1/etc/uvm-ieee/src/base/uvm_base.svh'.
Parsing included file '/eda/synopsys/vcs/U-2023.03-1/etc/uvm-ieee/src/base/uvm_spell_chkr.svh'.
Back to file '/eda/synopsys/vcs/U-2023.03-1/etc/uvm-ieee/src/base/uvm_base.svh'.
Parsing included file '/eda/synopsys/vcs/U-2023.03-1/etc/uvm-ieee/src/base/uvm_resource_base.svh'.
Back to file '/eda/synopsys/vcs/U-2023.03-1/etc/uvm-ieee/src/base/uvm_base.svh'.
Parsing included file '/eda/synopsys/vcs/U-2023.03-1/etc/uvm-ieee/src/base/uvm_resource.svh'.
Back to file '/eda/synopsys/vcs/U-2023.03-1/etc/uvm-ieee/src/base/uvm_base.svh'.
Parsing included file '/eda/synopsys/vcs/U-2023.03-1/etc/uvm-ieee/src/base/uvm_resource_specializations.svh'.
Back to file '/eda/synopsys/vcs/U-2023.03-1/etc/uvm-ieee/src/base/uvm_base.svh'.
Parsing included file '/eda/synopsys/vcs/U-2023.03-1/etc/uvm-ieee/src/base/uvm_resource_db.svh'.
Back to file '/eda/synopsys/vcs/U-2023.03-1/etc/uvm-ieee/src/base/uvm_base.svh'.
Parsing included file '/eda/synopsys/vcs/U-2023.03-1/etc/uvm-ieee/src/base/uvm_resource_db_options.svh'.
Back to file '/eda/synopsys/vcs/U-2023.03-1/etc/uvm-ieee/src/base/uvm_base.svh'.
Parsing included file '/eda/synopsys/vcs/U-2023.03-1/etc/uvm-ieee/src/base/uvm_config_db.svh'.
Back to file '/eda/synopsys/vcs/U-2023.03-1/etc/uvm-ieee/src/base/uvm_base.svh'.
Parsing included file '/eda/synopsys/vcs/U-2023.03-1/etc/uvm-ieee/src/base/uvm_policy.svh'.
Back to file '/eda/synopsys/vcs/U-2023.03-1/etc/uvm-ieee/src/base/uvm_base.svh'.
Parsing included file '/eda/synopsys/vcs/U-2023.03-1/etc/uvm-ieee/src/base/uvm_field_op.svh'.
Back to file '/eda/synopsys/vcs/U-2023.03-1/etc/uvm-ieee/src/base/uvm_base.svh'.
Parsing included file '/eda/synopsys/vcs/U-2023.03-1/etc/uvm-ieee/src/base/uvm_copier.svh'.
Back to file '/eda/synopsys/vcs/U-2023.03-1/etc/uvm-ieee/src/base/uvm_base.svh'.
Parsing included file '/eda/synopsys/vcs/U-2023.03-1/etc/uvm-ieee/src/base/uvm_printer.svh'.
Back to file '/eda/synopsys/vcs/U-2023.03-1/etc/uvm-ieee/src/base/uvm_base.svh'.
Parsing included file '/eda/synopsys/vcs/U-2023.03-1/etc/uvm-ieee/src/base/uvm_comparer.svh'.
Back to file '/eda/synopsys/vcs/U-2023.03-1/etc/uvm-ieee/src/base/uvm_base.svh'.
Parsing included file '/eda/synopsys/vcs/U-2023.03-1/etc/uvm-ieee/src/base/uvm_packer.svh'.
Back to file '/eda/synopsys/vcs/U-2023.03-1/etc/uvm-ieee/src/base/uvm_base.svh'.
Parsing included file '/eda/synopsys/vcs/U-2023.03-1/etc/uvm-ieee/src/base/uvm_links.svh'.
Back to file '/eda/synopsys/vcs/U-2023.03-1/etc/uvm-ieee/src/base/uvm_base.svh'.
Parsing included file '/eda/synopsys/vcs/U-2023.03-1/etc/uvm-ieee/src/base/uvm_tr_database.svh'.
Back to file '/eda/synopsys/vcs/U-2023.03-1/etc/uvm-ieee/src/base/uvm_base.svh'.
Parsing included file '/eda/synopsys/vcs/U-2023.03-1/etc/uvm-ieee/src/base/uvm_text_tr_database.svh'.
Back to file '/eda/synopsys/vcs/U-2023.03-1/etc/uvm-ieee/src/base/uvm_base.svh'.
Parsing included file '/eda/synopsys/vcs/U-2023.03-1/etc/uvm-ieee/src/base/uvm_tr_stream.svh'.
Back to file '/eda/synopsys/vcs/U-2023.03-1/etc/uvm-ieee/src/base/uvm_base.svh'.
Parsing included file '/eda/synopsys/vcs/U-2023.03-1/etc/uvm-ieee/src/base/uvm_text_tr_stream.svh'.
Back to file '/eda/synopsys/vcs/U-2023.03-1/etc/uvm-ieee/src/base/uvm_base.svh'.
Parsing included file '/eda/synopsys/vcs/U-2023.03-1/etc/uvm-ieee/src/base/uvm_recorder.svh'.
Back to file '/eda/synopsys/vcs/U-2023.03-1/etc/uvm-ieee/src/base/uvm_base.svh'.
Parsing included file '/eda/synopsys/vcs/U-2023.03-1/etc/uvm-ieee/src/base/uvm_event_callback.svh'.
Back to file '/eda/synopsys/vcs/U-2023.03-1/etc/uvm-ieee/src/base/uvm_base.svh'.
Parsing included file '/eda/synopsys/vcs/U-2023.03-1/etc/uvm-ieee/src/base/uvm_event.svh'.
Back to file '/eda/synopsys/vcs/U-2023.03-1/etc/uvm-ieee/src/base/uvm_base.svh'.
Parsing included file '/eda/synopsys/vcs/U-2023.03-1/etc/uvm-ieee/src/base/uvm_barrier.svh'.
Back to file '/eda/synopsys/vcs/U-2023.03-1/etc/uvm-ieee/src/base/uvm_base.svh'.
Parsing included file '/eda/synopsys/vcs/U-2023.03-1/etc/uvm-ieee/src/base/uvm_callback.svh'.
Parsing included file '/eda/synopsys/vcs/U-2023.03-1/etc/uvm-ieee/src/uvm_macros.svh'.
Back to file '/eda/synopsys/vcs/U-2023.03-1/etc/uvm-ieee/src/base/uvm_callback.svh'.
Back to file '/eda/synopsys/vcs/U-2023.03-1/etc/uvm-ieee/src/base/uvm_base.svh'.
Parsing included file '/eda/synopsys/vcs/U-2023.03-1/etc/uvm-ieee/src/base/uvm_report_message.svh'.
Back to file '/eda/synopsys/vcs/U-2023.03-1/etc/uvm-ieee/src/base/uvm_base.svh'.
Parsing included file '/eda/synopsys/vcs/U-2023.03-1/etc/uvm-ieee/src/base/uvm_report_catcher.svh'.
Back to file '/eda/synopsys/vcs/U-2023.03-1/etc/uvm-ieee/src/base/uvm_base.svh'.
Parsing included file '/eda/synopsys/vcs/U-2023.03-1/etc/uvm-ieee/src/base/uvm_report_server.svh'.
Back to file '/eda/synopsys/vcs/U-2023.03-1/etc/uvm-ieee/src/base/uvm_base.svh'.
Parsing included file '/eda/synopsys/vcs/U-2023.03-1/etc/uvm-ieee/src/base/uvm_report_handler.svh'.
Back to file '/eda/synopsys/vcs/U-2023.03-1/etc/uvm-ieee/src/base/uvm_base.svh'.
Parsing included file '/eda/synopsys/vcs/U-2023.03-1/etc/uvm-ieee/src/base/uvm_report_object.svh'.
Back to file '/eda/synopsys/vcs/U-2023.03-1/etc/uvm-ieee/src/base/uvm_base.svh'.
Parsing included file '/eda/synopsys/vcs/U-2023.03-1/etc/uvm-ieee/src/base/uvm_transaction.svh'.
Back to file '/eda/synopsys/vcs/U-2023.03-1/etc/uvm-ieee/src/base/uvm_base.svh'.
Parsing included file '/eda/synopsys/vcs/U-2023.03-1/etc/uvm-ieee/src/base/uvm_phase.svh'.
Back to file '/eda/synopsys/vcs/U-2023.03-1/etc/uvm-ieee/src/base/uvm_base.svh'.
Parsing included file '/eda/synopsys/vcs/U-2023.03-1/etc/uvm-ieee/src/base/uvm_domain.svh'.
Back to file '/eda/synopsys/vcs/U-2023.03-1/etc/uvm-ieee/src/base/uvm_base.svh'.
Parsing included file '/eda/synopsys/vcs/U-2023.03-1/etc/uvm-ieee/src/base/uvm_bottomup_phase.svh'.
Back to file '/eda/synopsys/vcs/U-2023.03-1/etc/uvm-ieee/src/base/uvm_base.svh'.
Parsing included file '/eda/synopsys/vcs/U-2023.03-1/etc/uvm-ieee/src/base/uvm_topdown_phase.svh'.
Back to file '/eda/synopsys/vcs/U-2023.03-1/etc/uvm-ieee/src/base/uvm_base.svh'.
Parsing included file '/eda/synopsys/vcs/U-2023.03-1/etc/uvm-ieee/src/base/uvm_task_phase.svh'.
Back to file '/eda/synopsys/vcs/U-2023.03-1/etc/uvm-ieee/src/base/uvm_base.svh'.
Parsing included file '/eda/synopsys/vcs/U-2023.03-1/etc/uvm-ieee/src/base/uvm_common_phases.svh'.
Back to file '/eda/synopsys/vcs/U-2023.03-1/etc/uvm-ieee/src/base/uvm_base.svh'.
Parsing included file '/eda/synopsys/vcs/U-2023.03-1/etc/uvm-ieee/src/base/uvm_runtime_phases.svh'.
Back to file '/eda/synopsys/vcs/U-2023.03-1/etc/uvm-ieee/src/base/uvm_base.svh'.
Parsing included file '/eda/synopsys/vcs/U-2023.03-1/etc/uvm-ieee/src/base/uvm_run_test_callback.svh'.
Back to file '/eda/synopsys/vcs/U-2023.03-1/etc/uvm-ieee/src/base/uvm_base.svh'.
Parsing included file '/eda/synopsys/vcs/U-2023.03-1/etc/uvm-ieee/src/base/uvm_component.svh'.
Parsing included file '/eda/synopsys/vcs/U-2023.03-1/etc/uvm-ieee/src/base/uvm_root.svh'.
Back to file '/eda/synopsys/vcs/U-2023.03-1/etc/uvm-ieee/src/base/uvm_component.svh'.
Back to file '/eda/synopsys/vcs/U-2023.03-1/etc/uvm-ieee/src/base/uvm_base.svh'.
Parsing included file '/eda/synopsys/vcs/U-2023.03-1/etc/uvm-ieee/src/base/uvm_objection.svh'.
Back to file '/eda/synopsys/vcs/U-2023.03-1/etc/uvm-ieee/src/base/uvm_base.svh'.
Parsing included file '/eda/synopsys/vcs/U-2023.03-1/etc/uvm-ieee/src/base/uvm_heartbeat.svh'.
Back to file '/eda/synopsys/vcs/U-2023.03-1/etc/uvm-ieee/src/base/uvm_base.svh'.
Parsing included file '/eda/synopsys/vcs/U-2023.03-1/etc/uvm-ieee/src/base/uvm_cmdline_processor.svh'.
Back to file '/eda/synopsys/vcs/U-2023.03-1/etc/uvm-ieee/src/base/uvm_base.svh'.
Parsing included file '/eda/synopsys/vcs/U-2023.03-1/etc/uvm-ieee/src/base/uvm_traversal.svh'.
Back to file '/eda/synopsys/vcs/U-2023.03-1/etc/uvm-ieee/src/base/uvm_base.svh'.
Back to file '/eda/synopsys/vcs/U-2023.03-1/etc/uvm-ieee/src/uvm_pkg.sv'.
Parsing included file '/eda/synopsys/vcs/U-2023.03-1/etc/uvm-ieee/src/dap/uvm_dap.svh'.
Parsing included file '/eda/synopsys/vcs/U-2023.03-1/etc/uvm-ieee/src/dap/uvm_set_get_dap_base.svh'.
Back to file '/eda/synopsys/vcs/U-2023.03-1/etc/uvm-ieee/src/dap/uvm_dap.svh'.
Parsing included file '/eda/synopsys/vcs/U-2023.03-1/etc/uvm-ieee/src/dap/uvm_simple_lock_dap.svh'.
Back to file '/eda/synopsys/vcs/U-2023.03-1/etc/uvm-ieee/src/dap/uvm_dap.svh'.
Parsing included file '/eda/synopsys/vcs/U-2023.03-1/etc/uvm-ieee/src/dap/uvm_get_to_lock_dap.svh'.
Back to file '/eda/synopsys/vcs/U-2023.03-1/etc/uvm-ieee/src/dap/uvm_dap.svh'.
Parsing included file '/eda/synopsys/vcs/U-2023.03-1/etc/uvm-ieee/src/dap/uvm_set_before_get_dap.svh'.
Back to file '/eda/synopsys/vcs/U-2023.03-1/etc/uvm-ieee/src/dap/uvm_dap.svh'.
Back to file '/eda/synopsys/vcs/U-2023.03-1/etc/uvm-ieee/src/uvm_pkg.sv'.
Parsing included file '/eda/synopsys/vcs/U-2023.03-1/etc/uvm-ieee/src/tlm1/uvm_tlm.svh'.
Parsing included file '/eda/synopsys/vcs/U-2023.03-1/etc/uvm-ieee/src/tlm1/uvm_tlm_ifs.svh'.
Back to file '/eda/synopsys/vcs/U-2023.03-1/etc/uvm-ieee/src/tlm1/uvm_tlm.svh'.
Parsing included file '/eda/synopsys/vcs/U-2023.03-1/etc/uvm-ieee/src/tlm1/uvm_sqr_ifs.svh'.
Back to file '/eda/synopsys/vcs/U-2023.03-1/etc/uvm-ieee/src/tlm1/uvm_tlm.svh'.
Parsing included file '/eda/synopsys/vcs/U-2023.03-1/etc/uvm-ieee/src/base/uvm_port_base.svh'.
Back to file '/eda/synopsys/vcs/U-2023.03-1/etc/uvm-ieee/src/tlm1/uvm_tlm.svh'.
Parsing included file '/eda/synopsys/vcs/U-2023.03-1/etc/uvm-ieee/src/tlm1/uvm_tlm_imps.svh'.
Back to file '/eda/synopsys/vcs/U-2023.03-1/etc/uvm-ieee/src/tlm1/uvm_tlm.svh'.
Parsing included file '/eda/synopsys/vcs/U-2023.03-1/etc/uvm-ieee/src/tlm1/uvm_imps.svh'.
Back to file '/eda/synopsys/vcs/U-2023.03-1/etc/uvm-ieee/src/tlm1/uvm_tlm.svh'.
Parsing included file '/eda/synopsys/vcs/U-2023.03-1/etc/uvm-ieee/src/tlm1/uvm_ports.svh'.
Back to file '/eda/synopsys/vcs/U-2023.03-1/etc/uvm-ieee/src/tlm1/uvm_tlm.svh'.
Parsing included file '/eda/synopsys/vcs/U-2023.03-1/etc/uvm-ieee/src/tlm1/uvm_exports.svh'.
Back to file '/eda/synopsys/vcs/U-2023.03-1/etc/uvm-ieee/src/tlm1/uvm_tlm.svh'.
Parsing included file '/eda/synopsys/vcs/U-2023.03-1/etc/uvm-ieee/src/tlm1/uvm_analysis_port.svh'.
Back to file '/eda/synopsys/vcs/U-2023.03-1/etc/uvm-ieee/src/tlm1/uvm_tlm.svh'.
Parsing included file '/eda/synopsys/vcs/U-2023.03-1/etc/uvm-ieee/src/tlm1/uvm_tlm_fifo_base.svh'.
Back to file '/eda/synopsys/vcs/U-2023.03-1/etc/uvm-ieee/src/tlm1/uvm_tlm.svh'.
Parsing included file '/eda/synopsys/vcs/U-2023.03-1/etc/uvm-ieee/src/tlm1/uvm_tlm_fifos.svh'.
Back to file '/eda/synopsys/vcs/U-2023.03-1/etc/uvm-ieee/src/tlm1/uvm_tlm.svh'.
Parsing included file '/eda/synopsys/vcs/U-2023.03-1/etc/uvm-ieee/src/tlm1/uvm_tlm_req_rsp.svh'.
Back to file '/eda/synopsys/vcs/U-2023.03-1/etc/uvm-ieee/src/tlm1/uvm_tlm.svh'.
Parsing included file '/eda/synopsys/vcs/U-2023.03-1/etc/uvm-ieee/src/tlm1/uvm_sqr_connections.svh'.
Back to file '/eda/synopsys/vcs/U-2023.03-1/etc/uvm-ieee/src/tlm1/uvm_tlm.svh'.
Back to file '/eda/synopsys/vcs/U-2023.03-1/etc/uvm-ieee/src/uvm_pkg.sv'.
Parsing included file '/eda/synopsys/vcs/U-2023.03-1/etc/uvm-ieee/src/comps/uvm_comps.svh'.
Parsing included file '/eda/synopsys/vcs/U-2023.03-1/etc/uvm-ieee/src/comps/uvm_pair.svh'.
Back to file '/eda/synopsys/vcs/U-2023.03-1/etc/uvm-ieee/src/comps/uvm_comps.svh'.
Parsing included file '/eda/synopsys/vcs/U-2023.03-1/etc/uvm-ieee/src/comps/uvm_policies.svh'.
Back to file '/eda/synopsys/vcs/U-2023.03-1/etc/uvm-ieee/src/comps/uvm_comps.svh'.
Parsing included file '/eda/synopsys/vcs/U-2023.03-1/etc/uvm-ieee/src/comps/uvm_in_order_comparator.svh'.
Back to file '/eda/synopsys/vcs/U-2023.03-1/etc/uvm-ieee/src/comps/uvm_comps.svh'.
Parsing included file '/eda/synopsys/vcs/U-2023.03-1/etc/uvm-ieee/src/comps/uvm_algorithmic_comparator.svh'.
Back to file '/eda/synopsys/vcs/U-2023.03-1/etc/uvm-ieee/src/comps/uvm_comps.svh'.
Parsing included file '/eda/synopsys/vcs/U-2023.03-1/etc/uvm-ieee/src/comps/uvm_subscriber.svh'.
Back to file '/eda/synopsys/vcs/U-2023.03-1/etc/uvm-ieee/src/comps/uvm_comps.svh'.
Parsing included file '/eda/synopsys/vcs/U-2023.03-1/etc/uvm-ieee/src/comps/uvm_monitor.svh'.
Back to file '/eda/synopsys/vcs/U-2023.03-1/etc/uvm-ieee/src/comps/uvm_comps.svh'.
Parsing included file '/eda/synopsys/vcs/U-2023.03-1/etc/uvm-ieee/src/comps/uvm_driver.svh'.
Back to file '/eda/synopsys/vcs/U-2023.03-1/etc/uvm-ieee/src/comps/uvm_comps.svh'.
Parsing included file '/eda/synopsys/vcs/U-2023.03-1/etc/uvm-ieee/src/comps/uvm_push_driver.svh'.
Back to file '/eda/synopsys/vcs/U-2023.03-1/etc/uvm-ieee/src/comps/uvm_comps.svh'.
Parsing included file '/eda/synopsys/vcs/U-2023.03-1/etc/uvm-ieee/src/comps/uvm_scoreboard.svh'.
Back to file '/eda/synopsys/vcs/U-2023.03-1/etc/uvm-ieee/src/comps/uvm_comps.svh'.
Parsing included file '/eda/synopsys/vcs/U-2023.03-1/etc/uvm-ieee/src/comps/uvm_agent.svh'.
Back to file '/eda/synopsys/vcs/U-2023.03-1/etc/uvm-ieee/src/comps/uvm_comps.svh'.
Parsing included file '/eda/synopsys/vcs/U-2023.03-1/etc/uvm-ieee/src/comps/uvm_env.svh'.
Back to file '/eda/synopsys/vcs/U-2023.03-1/etc/uvm-ieee/src/comps/uvm_comps.svh'.
Parsing included file '/eda/synopsys/vcs/U-2023.03-1/etc/uvm-ieee/src/comps/uvm_test.svh'.
Back to file '/eda/synopsys/vcs/U-2023.03-1/etc/uvm-ieee/src/comps/uvm_comps.svh'.
Back to file '/eda/synopsys/vcs/U-2023.03-1/etc/uvm-ieee/src/uvm_pkg.sv'.
Parsing included file '/eda/synopsys/vcs/U-2023.03-1/etc/uvm-ieee/src/seq/uvm_seq.svh'.
Parsing included file '/eda/synopsys/vcs/U-2023.03-1/etc/uvm-ieee/src/seq/uvm_sequence_item.svh'.
Back to file '/eda/synopsys/vcs/U-2023.03-1/etc/uvm-ieee/src/seq/uvm_seq.svh'.
Parsing included file '/eda/synopsys/vcs/U-2023.03-1/etc/uvm-ieee/src/seq/uvm_sequencer_base.svh'.
Back to file '/eda/synopsys/vcs/U-2023.03-1/etc/uvm-ieee/src/seq/uvm_seq.svh'.
Parsing included file '/eda/synopsys/vcs/U-2023.03-1/etc/uvm-ieee/src/seq/uvm_sequencer_analysis_fifo.svh'.
Back to file '/eda/synopsys/vcs/U-2023.03-1/etc/uvm-ieee/src/seq/uvm_seq.svh'.
Parsing included file '/eda/synopsys/vcs/U-2023.03-1/etc/uvm-ieee/src/seq/uvm_sequencer_param_base.svh'.
Back to file '/eda/synopsys/vcs/U-2023.03-1/etc/uvm-ieee/src/seq/uvm_seq.svh'.
Parsing included file '/eda/synopsys/vcs/U-2023.03-1/etc/uvm-ieee/src/seq/uvm_sequencer.svh'.
Back to file '/eda/synopsys/vcs/U-2023.03-1/etc/uvm-ieee/src/seq/uvm_seq.svh'.
Parsing included file '/eda/synopsys/vcs/U-2023.03-1/etc/uvm-ieee/src/seq/uvm_push_sequencer.svh'.
Back to file '/eda/synopsys/vcs/U-2023.03-1/etc/uvm-ieee/src/seq/uvm_seq.svh'.
Parsing included file '/eda/synopsys/vcs/U-2023.03-1/etc/uvm-ieee/src/seq/uvm_sequence_base.svh'.
Back to file '/eda/synopsys/vcs/U-2023.03-1/etc/uvm-ieee/src/seq/uvm_seq.svh'.
Parsing included file '/eda/synopsys/vcs/U-2023.03-1/etc/uvm-ieee/src/seq/uvm_sequence.svh'.
Back to file '/eda/synopsys/vcs/U-2023.03-1/etc/uvm-ieee/src/seq/uvm_seq.svh'.
Parsing included file '/eda/synopsys/vcs/U-2023.03-1/etc/uvm-ieee/src/seq/uvm_sequence_library.svh'.
Back to file '/eda/synopsys/vcs/U-2023.03-1/etc/uvm-ieee/src/seq/uvm_seq.svh'.
Back to file '/eda/synopsys/vcs/U-2023.03-1/etc/uvm-ieee/src/uvm_pkg.sv'.
Parsing included file '/eda/synopsys/vcs/U-2023.03-1/etc/uvm-ieee/src/tlm2/uvm_tlm2.svh'.
Parsing included file '/eda/synopsys/vcs/U-2023.03-1/etc/uvm-ieee/src/tlm2/uvm_tlm2_defines.svh'.
Back to file '/eda/synopsys/vcs/U-2023.03-1/etc/uvm-ieee/src/tlm2/uvm_tlm2.svh'.
Parsing included file '/eda/synopsys/vcs/U-2023.03-1/etc/uvm-ieee/src/tlm2/uvm_tlm_time.svh'.
Back to file '/eda/synopsys/vcs/U-2023.03-1/etc/uvm-ieee/src/tlm2/uvm_tlm2.svh'.
Parsing included file '/eda/synopsys/vcs/U-2023.03-1/etc/uvm-ieee/src/tlm2/uvm_tlm2_generic_payload.svh'.
Back to file '/eda/synopsys/vcs/U-2023.03-1/etc/uvm-ieee/src/tlm2/uvm_tlm2.svh'.
Parsing included file '/eda/synopsys/vcs/U-2023.03-1/etc/uvm-ieee/src/tlm2/uvm_tlm2_ifs.svh'.
Back to file '/eda/synopsys/vcs/U-2023.03-1/etc/uvm-ieee/src/tlm2/uvm_tlm2.svh'.
Parsing included file '/eda/synopsys/vcs/U-2023.03-1/etc/uvm-ieee/src/tlm2/uvm_tlm2_imps.svh'.
Back to file '/eda/synopsys/vcs/U-2023.03-1/etc/uvm-ieee/src/tlm2/uvm_tlm2.svh'.
Parsing included file '/eda/synopsys/vcs/U-2023.03-1/etc/uvm-ieee/src/tlm2/uvm_tlm2_ports.svh'.
Back to file '/eda/synopsys/vcs/U-2023.03-1/etc/uvm-ieee/src/tlm2/uvm_tlm2.svh'.
Parsing included file '/eda/synopsys/vcs/U-2023.03-1/etc/uvm-ieee/src/tlm2/uvm_tlm2_exports.svh'.
Back to file '/eda/synopsys/vcs/U-2023.03-1/etc/uvm-ieee/src/tlm2/uvm_tlm2.svh'.
Parsing included file '/eda/synopsys/vcs/U-2023.03-1/etc/uvm-ieee/src/tlm2/uvm_tlm2_sockets_base.svh'.
Back to file '/eda/synopsys/vcs/U-2023.03-1/etc/uvm-ieee/src/tlm2/uvm_tlm2.svh'.
Parsing included file '/eda/synopsys/vcs/U-2023.03-1/etc/uvm-ieee/src/tlm2/uvm_tlm2_sockets.svh'.
Back to file '/eda/synopsys/vcs/U-2023.03-1/etc/uvm-ieee/src/tlm2/uvm_tlm2.svh'.
Back to file '/eda/synopsys/vcs/U-2023.03-1/etc/uvm-ieee/src/uvm_pkg.sv'.
Parsing included file '/eda/synopsys/vcs/U-2023.03-1/etc/uvm-ieee/src/reg/uvm_reg_model.svh'.
Parsing included file '/eda/synopsys/vcs/U-2023.03-1/etc/uvm-ieee/src/reg/uvm_reg_item.svh'.
Back to file '/eda/synopsys/vcs/U-2023.03-1/etc/uvm-ieee/src/reg/uvm_reg_model.svh'.
Parsing included file '/eda/synopsys/vcs/U-2023.03-1/etc/uvm-ieee/src/reg/uvm_reg_adapter.svh'.
Back to file '/eda/synopsys/vcs/U-2023.03-1/etc/uvm-ieee/src/reg/uvm_reg_model.svh'.
Parsing included file '/eda/synopsys/vcs/U-2023.03-1/etc/uvm-ieee/src/reg/uvm_reg_predictor.svh'.
Back to file '/eda/synopsys/vcs/U-2023.03-1/etc/uvm-ieee/src/reg/uvm_reg_model.svh'.
Parsing included file '/eda/synopsys/vcs/U-2023.03-1/etc/uvm-ieee/src/reg/uvm_reg_sequence.svh'.
Back to file '/eda/synopsys/vcs/U-2023.03-1/etc/uvm-ieee/src/reg/uvm_reg_model.svh'.
Parsing included file '/eda/synopsys/vcs/U-2023.03-1/etc/uvm-ieee/src/reg/uvm_reg_cbs.svh'.
Back to file '/eda/synopsys/vcs/U-2023.03-1/etc/uvm-ieee/src/reg/uvm_reg_model.svh'.
Parsing included file '/eda/synopsys/vcs/U-2023.03-1/etc/uvm-ieee/src/reg/uvm_reg_backdoor.svh'.
Back to file '/eda/synopsys/vcs/U-2023.03-1/etc/uvm-ieee/src/reg/uvm_reg_model.svh'.
Parsing included file '/eda/synopsys/vcs/U-2023.03-1/etc/uvm-ieee/src/reg/uvm_reg_field.svh'.
Back to file '/eda/synopsys/vcs/U-2023.03-1/etc/uvm-ieee/src/reg/uvm_reg_model.svh'.
Parsing included file '/eda/synopsys/vcs/U-2023.03-1/etc/uvm-ieee/src/reg/uvm_vreg_field.svh'.
Back to file '/eda/synopsys/vcs/U-2023.03-1/etc/uvm-ieee/src/reg/uvm_reg_model.svh'.
Parsing included file '/eda/synopsys/vcs/U-2023.03-1/etc/uvm-ieee/src/reg/uvm_reg.svh'.
Back to file '/eda/synopsys/vcs/U-2023.03-1/etc/uvm-ieee/src/reg/uvm_reg_model.svh'.
Parsing included file '/eda/synopsys/vcs/U-2023.03-1/etc/uvm-ieee/src/reg/uvm_reg_indirect.svh'.
Back to file '/eda/synopsys/vcs/U-2023.03-1/etc/uvm-ieee/src/reg/uvm_reg_model.svh'.
Parsing included file '/eda/synopsys/vcs/U-2023.03-1/etc/uvm-ieee/src/reg/uvm_reg_fifo.svh'.
Back to file '/eda/synopsys/vcs/U-2023.03-1/etc/uvm-ieee/src/reg/uvm_reg_model.svh'.
Parsing included file '/eda/synopsys/vcs/U-2023.03-1/etc/uvm-ieee/src/reg/uvm_reg_file.svh'.
Back to file '/eda/synopsys/vcs/U-2023.03-1/etc/uvm-ieee/src/reg/uvm_reg_model.svh'.
Parsing included file '/eda/synopsys/vcs/U-2023.03-1/etc/uvm-ieee/src/reg/uvm_mem_mam.svh'.
Back to file '/eda/synopsys/vcs/U-2023.03-1/etc/uvm-ieee/src/reg/uvm_reg_model.svh'.
Parsing included file '/eda/synopsys/vcs/U-2023.03-1/etc/uvm-ieee/src/reg/uvm_vreg.svh'.
Back to file '/eda/synopsys/vcs/U-2023.03-1/etc/uvm-ieee/src/reg/uvm_reg_model.svh'.
Parsing included file '/eda/synopsys/vcs/U-2023.03-1/etc/uvm-ieee/src/reg/uvm_mem.svh'.
Back to file '/eda/synopsys/vcs/U-2023.03-1/etc/uvm-ieee/src/reg/uvm_reg_model.svh'.
Parsing included file '/eda/synopsys/vcs/U-2023.03-1/etc/uvm-ieee/src/reg/uvm_reg_map.svh'.
Back to file '/eda/synopsys/vcs/U-2023.03-1/etc/uvm-ieee/src/reg/uvm_reg_model.svh'.
Parsing included file '/eda/synopsys/vcs/U-2023.03-1/etc/uvm-ieee/src/reg/uvm_reg_block.svh'.
Back to file '/eda/synopsys/vcs/U-2023.03-1/etc/uvm-ieee/src/reg/uvm_reg_model.svh'.
Parsing included file '/eda/synopsys/vcs/U-2023.03-1/etc/uvm-ieee/src/reg/sequences/uvm_reg_hw_reset_seq.svh'.
Back to file '/eda/synopsys/vcs/U-2023.03-1/etc/uvm-ieee/src/reg/uvm_reg_model.svh'.
Parsing included file '/eda/synopsys/vcs/U-2023.03-1/etc/uvm-ieee/src/reg/sequences/uvm_reg_bit_bash_seq.svh'.
Back to file '/eda/synopsys/vcs/U-2023.03-1/etc/uvm-ieee/src/reg/uvm_reg_model.svh'.
Parsing included file '/eda/synopsys/vcs/U-2023.03-1/etc/uvm-ieee/src/reg/sequences/uvm_mem_walk_seq.svh'.
Back to file '/eda/synopsys/vcs/U-2023.03-1/etc/uvm-ieee/src/reg/uvm_reg_model.svh'.
Parsing included file '/eda/synopsys/vcs/U-2023.03-1/etc/uvm-ieee/src/reg/sequences/uvm_mem_access_seq.svh'.
Back to file '/eda/synopsys/vcs/U-2023.03-1/etc/uvm-ieee/src/reg/uvm_reg_model.svh'.
Parsing included file '/eda/synopsys/vcs/U-2023.03-1/etc/uvm-ieee/src/reg/sequences/uvm_reg_access_seq.svh'.
Back to file '/eda/synopsys/vcs/U-2023.03-1/etc/uvm-ieee/src/reg/uvm_reg_model.svh'.
Parsing included file '/eda/synopsys/vcs/U-2023.03-1/etc/uvm-ieee/src/reg/sequences/uvm_reg_mem_shared_access_seq.svh'.
Back to file '/eda/synopsys/vcs/U-2023.03-1/etc/uvm-ieee/src/reg/uvm_reg_model.svh'.
Parsing included file '/eda/synopsys/vcs/U-2023.03-1/etc/uvm-ieee/src/reg/sequences/uvm_reg_mem_built_in_seq.svh'.
Back to file '/eda/synopsys/vcs/U-2023.03-1/etc/uvm-ieee/src/reg/uvm_reg_model.svh'.
Parsing included file '/eda/synopsys/vcs/U-2023.03-1/etc/uvm-ieee/src/reg/sequences/uvm_reg_mem_hdl_paths_seq.svh'.
Back to file '/eda/synopsys/vcs/U-2023.03-1/etc/uvm-ieee/src/reg/uvm_reg_model.svh'.
Parsing included file '/eda/synopsys/vcs/U-2023.03-1/etc/uvm-ieee/src/reg/snps_uvm_reg_bank.svh'.
Back to file '/eda/synopsys/vcs/U-2023.03-1/etc/uvm-ieee/src/reg/uvm_reg_model.svh'.
Back to file '/eda/synopsys/vcs/U-2023.03-1/etc/uvm-ieee/src/uvm_pkg.sv'.
Parsing design file 'rtl/counter.sv'
Parsing design file 'tb/counter_if.sv'
Parsing design file 'tb/counter_pkg.sv'
Parsing included file '/eda/synopsys/vcs/U-2023.03-1/etc/uvm-ieee/src/uvm_macros.svh'.
Back to file 'tb/counter_pkg.sv'.
Parsing included file 'tb/counter_seq_item.sv'.
Back to file 'tb/counter_pkg.sv'.
Parsing included file 'tb/counter_driver.sv'.
Back to file 'tb/counter_pkg.sv'.
Parsing included file 'tb/counter_monitor.sv'.
Back to file 'tb/counter_pkg.sv'.
Parsing included file 'tb/counter_agent.sv'.
Back to file 'tb/counter_pkg.sv'.
Parsing included file 'tb/counter_sequence.sv'.
Back to file 'tb/counter_pkg.sv'.
Parsing included file 'tb/counter_env.sv'.
Back to file 'tb/counter_pkg.sv'.
Parsing included file 'tb/counter_test.sv'.
Back to file 'tb/counter_pkg.sv'.
Parsing design file 'tb/tb_top.sv'
Parsing included file '/eda/synopsys/vcs/U-2023.03-1/etc/uvm-ieee/src/uvm_macros.svh'.
Back to file 'tb/tb_top.sv'.
Top Level Modules:
       tb_top
TimeScale is 1 ns / 1 ps
Starting vcs inline pass...

7 modules and 0 UDP read.
recompiling package vcs_paramclassrepository
recompiling package _vcs_DPI_package
recompiling package uvm_pkg
recompiling module counter
recompiling module counter_if
recompiling package counter_pkg
recompiling module tb_top
All of 7 modules done
make[1]: Entering directory '/home/ns6651/gsoc/bp_counter_uvm_poc/csrc'
make[1]: Leaving directory '/home/ns6651/gsoc/bp_counter_uvm_poc/csrc'
make[1]: Entering directory '/home/ns6651/gsoc/bp_counter_uvm_poc/csrc'
rm -f _cuarc*.so _csrc*.so pre_vcsobj_*.so share_vcsobj_*.so
g++ -w  -pipe -fPIC -DVCS -O -I/eda/synopsys/vcs/U-2023.03-1/include    -c /eda/synopsys/vcs/U-2023.03-1/etc/uvm-ieee/dpi/uvm_dpi.cc
if [ -x ../results/simv_vcs ]; then chmod a-x ../results/simv_vcs; fi
g++  -o ../results/simv_vcs      -rdynamic  -Wl,-rpath='$ORIGIN'/simv_vcs.daidir -Wl,-rpath=./simv_vcs.daidir -Wl,-rpath=/eda/synopsys/vcs/U-2023.03-1/linux64/lib -L/eda/synopsys/vcs/U-2023.03-1/linux64/lib  -Wl,-rpath-link=./  /usr/lib64/libnuma.so.1 uvm_dpi.o   objs/amcQw_d.o   _307076_archive_1.so  SIM_l.o      rmapats_mop.o rmapats.o rmar.o rmar_nd.o  rmar_llvm_0_1.o rmar_llvm_0_0.o            -lvirsim -lerrorinf -lsnpsmalloc -lvfs    -lvcsnew -lsimprofile -luclinative /eda/synopsys/vcs/U-2023.03-1/linux64/lib/vcs_tls.o   -Wl,-whole-archive  -lvcsucli    -Wl,-no-whole-archive       ./../results/simv_vcs.daidir/vc_hdrs.o    /eda/synopsys/vcs/U-2023.03-1/linux64/lib/vcs_save_restore_new.o -ldl  -lc -lm -lpthread -ldl 
../results/simv_vcs up to date
make[1]: Leaving directory '/home/ns6651/gsoc/bp_counter_uvm_poc/csrc'
CPU time: 7.913 seconds to compile + .378 seconds to elab + .494 seconds to link
