Info: [VCS_SAVE_RESTORE_INFO] ASLR (Address Space Layout Randomization) is detected on the machine. To enable $save functionality, ASLR will be switched off and simv re-executed.
Please use '-no_save' simv switch to avoid re-execution or '-suppress=ASLR_DETECTED_INFO' to suppress this message.
Chronologic VCS simulator copyright 1991-2023
Contains Synopsys proprietary information.
Compiler version U-2023.03-1_Full64; Runtime version U-2023.03-1_Full64;  Mar 31 17:10 2026
UVM_INFO /eda/synopsys/vcs/U-2023.03-1/etc/uvm-ieee/src/base/uvm_root.svh(450) @ 0: reporter [UVM/RELNOTES] 
  ***********       IMPORTANT RELEASE NOTES         ************

  This implementation of the UVM Library deviates from the 1800.2-2017
  standard.  See the DEVIATIONS.md file contained in the release
  for more details.

----------------------------------------------------------------
Accellera:1800.2-2017:UVM:1.0.Synopsys

All copyright owners for this kit are listed in NOTICE.txt
All Rights Reserved Worldwide
----------------------------------------------------------------

      (Specify +UVM_NO_RELNOTES to turn off this notice)

UVM_INFO @ 0: reporter [RNTST] Running test counter_test...
UVM_INFO tb/counter_test.sv(19) @ 0: uvm_test_top [TEST] === counter_test: run_phase starting ===
UVM_INFO tb/counter_sequence.sv(15) @ 0: uvm_test_top.env.agt.seqr@@seq [SEQ] Starting counter_sequence
UVM_INFO tb/counter_driver.sv(28) @ 35000: uvm_test_top.env.agt.drv [DRV] Driving: enable=1 num_cycles=8
UVM_INFO tb/counter_sequence.sv(23) @ 115000: uvm_test_top.env.agt.seqr@@seq [SEQ] Sent ENABLE for 8 cycles
UVM_INFO tb/counter_driver.sv(28) @ 115000: uvm_test_top.env.agt.drv [DRV] Driving: enable=0 num_cycles=3
UVM_INFO tb/counter_sequence.sv(31) @ 145000: uvm_test_top.env.agt.seqr@@seq [SEQ] Sent DISABLE for 3 cycles
UVM_INFO tb/counter_driver.sv(28) @ 145000: uvm_test_top.env.agt.drv [DRV] Driving: enable=1 num_cycles=8
UVM_INFO tb/counter_sequence.sv(39) @ 225000: uvm_test_top.env.agt.seqr@@seq [SEQ] Sent RE-ENABLE for 8 cycles
UVM_INFO tb/counter_sequence.sv(41) @ 225000: uvm_test_top.env.agt.seqr@@seq [SEQ] counter_sequence complete
UVM_INFO tb/counter_test.sv(27) @ 275000: uvm_test_top [TEST] === counter_test: PASSED ===
UVM_INFO tb/counter_test.sv(32) @ 275000: uvm_test_top [TEST] === UVM Report Phase: counter_test complete ===
UVM_INFO /eda/synopsys/vcs/U-2023.03-1/etc/uvm-ieee/src/base/uvm_report_server.svh(902) @ 275000: reporter [UVM/REPORT/SERVER] 
--- UVM Report Summary ---

** Report counts by severity
UVM_INFO :   13
UVM_WARNING :    0
UVM_ERROR :    0
UVM_FATAL :    0
** Report counts by id
[DRV]     3
[RNTST]     1
[SEQ]     5
[TEST]     3
[UVM/RELNOTES]     1

$finish called from file "/eda/synopsys/vcs/U-2023.03-1/etc/uvm-ieee/src/base/uvm_root.svh", line 586.
$finish at simulation time               275000
           V C S   S i m u l a t i o n   R e p o r t 
Time: 275000 ps
CPU Time:      0.370 seconds;       Data structure size:   0.2Mb
Tue Mar 31 17:10:30 2026
