UVM_INFO @ 0: reporter [UVM/RELNOTES] 
  ***********       IMPORTANT RELEASE NOTES         ************

  This implementation of the UVM Library deviates from the 1800.2-2020
  standard.  See the DEVIATIONS.md file contained in the release
  for more details.

----------------------------------------------------------------
Accellera:1800.2:UVM:2020.3.1

All copyright owners for this kit are listed in NOTICE.txt
All Rights Reserved Worldwide
----------------------------------------------------------------

      (Specify +UVM_NO_RELNOTES to turn off this notice)

UVM_WARNING @ 0: reporter [NO_DPI_USED] We are thinking of removing support for UVM_NO_DPI.  Please try this test without it and evaluate the impact
UVM_INFO @ 0: reporter [NO_DPI_TSTNAME] UVM_NO_DPI defined--getting UVM_TESTNAME directly, without DPI
UVM_INFO @ 0: reporter [RNTST] Running test counter_test...
UVM_INFO @ 0: reporter [UVM/COMP/NAMECHECK] This implementation of the component name checks requires DPI to be enabled
UVM_WARNING @ 0: reporter [NO_VISIT_CHECK] Because UVM_REGEX_NO_DPI is defined, no uvm component name constraints will be checked
UVM_INFO @ 0: uvm_test_top [TEST] === counter_test: run_phase starting ===
UVM_INFO @ 0: uvm_test_top.env.agt.seqr@@seq [SEQ] Starting counter_sequence
UVM_INFO @ 35000: uvm_test_top.env.agt.drv [DRV] Driving: enable=1 num_cycles=8
UVM_INFO @ 115000: uvm_test_top.env.agt.seqr@@seq [SEQ] Sent ENABLE for 8 cycles
UVM_INFO @ 115000: uvm_test_top.env.agt.drv [DRV] Driving: enable=0 num_cycles=3
UVM_INFO @ 145000: uvm_test_top.env.agt.seqr@@seq [SEQ] Sent DISABLE for 3 cycles
UVM_INFO @ 145000: uvm_test_top.env.agt.drv [DRV] Driving: enable=1 num_cycles=8
UVM_INFO @ 225000: uvm_test_top.env.agt.seqr@@seq [SEQ] Sent RE-ENABLE for 8 cycles
UVM_INFO @ 225000: uvm_test_top.env.agt.drv [DRV] Driving: enable=0 num_cycles=3
UVM_INFO @ 255000: uvm_test_top.env.agt.seqr@@seq [SEQ] Sent IDLE for 3 cycles
UVM_INFO @ 255000: uvm_test_top.env.agt.seqr@@seq [SEQ] counter_sequence complete
UVM_INFO @ 255000: uvm_test_top [TEST] === counter_test: PASSED ===
UVM_INFO @ 255000: uvm_test_top [TEST] === UVM Report Phase: counter_test complete ===
UVM_INFO @ 255000: reporter [UVM/REPORT/SERVER] 
--- UVM Report Summary ---

** Report counts by severity
UVM_INFO :   17
UVM_WARNING :    2
UVM_ERROR :    0
UVM_FATAL :    0
** Report counts by id
[DRV]     4
[NO_DPI_TSTNAME]     1
[NO_DPI_USED]     1
[NO_VISIT_CHECK]     1
[RNTST]     1
[SEQ]     6
[TEST]     3
[UVM/COMP/NAMECHECK]     1
[UVM/RELNOTES]     1

- /home/ns6651/local-tools/uvm-verilator/src/base/uvm_root.svh:633: Verilog $finish
- S i m u l a t i o n   R e p o r t: Verilator 5.046 2026-02-28
- Verilator: $finish at 255ns; walltime 0.013 s; speed 19.096 us/s
- Verilator: cpu 0.013 s on 1 threads; allocated 32 MB
